Drill Listing
=============
Drill: .01181  Tool: 1  Feed: 95  Speed: 300
X 1844503  Y 2040503
X 1844503  Y 2060503
X 1844503  Y 2080503
X 1844503  Y 2100503
X 1844503  Y 2120503
X 1844503  Y 2140503
X 1844503  Y 2160503
X 1844503  Y 2180503
X 1844503  Y 2200503
X 1844503  Y 2219503
X 1844503  Y 2240503
X 1844503  Y 2260503
X 1844503  Y 2280503
X 1844503  Y 2296503
X 1856503  Y 2308503
X 1844503  Y 2308503
X 1844503  Y 2328503
X 1844503  Y 2349503
X 1844503  Y 2368503
X 1862503  Y 2384503
X 1844503  Y 2386503
X 1844503  Y 2406503
X 1882503  Y 2404503
X 1882503  Y 2394503
X 1888976  Y 2372440
X 1887503  Y 2363503
X 1886503  Y 2354503
X 1876503  Y 2354503
X 1889503  Y 2344503
X 1872503  Y 2338503
X 1872503  Y 2328503
X 1887383  Y 2323403
X 1890503  Y 2320283
X 1890503  Y 2310503
X 1870078  Y 2302362
X 1886503  Y 2286503
X 1893503  Y 2256503
X 1887401  Y 2250393
X 1884503  Y 2242103
X 1883903  Y 2239103
X 1893503  Y 2215703
X 1893603  Y 2134403
X 1891503  Y 2128503
X 1894303  Y 2108503
X 1894303  Y 2095203
X 1887503  Y 2091503
X 1887503  Y 2055503
X 1918503  Y 2082503
X 1894503  Y 2086503
X 1902503  Y 2086503
X 1911023  Y 2097637
X 1902503  Y 2098503
X 1908503  Y 2100503
X 1908503  Y 2108503
X 1911839  Y 2111737
X 1911839  Y 2120394
X 1903403  Y 2120403
X 1908503  Y 2120503
X 1911839  Y 2125903
X 1908503  Y 2126503
X 1903403  Y 2131603
X 1903403  Y 2144203
X 1908303  Y 2147003
X 1902503  Y 2163503
X 1902503  Y 2177503
X 1908503  Y 2182703
X 1907903  Y 2189303
X 1901303  Y 2221103
X 1904756  Y 2221130
X 1904756  Y 2223491
X 1911839  Y 2227426
X 1902362  Y 2278740
X 1916561  Y 2284877
X 1913385  Y 2289763
X 1895275  Y 2300000
X 1895275  Y 2305511
X 1912598  Y 2312598
X 1919363  Y 2320283
X 1908691  Y 2328162
X 1901608  Y 2332884
X 1901423  Y 2348363
X 1907904  Y 2349411
X 1900000  Y 2367716
X 1913003  Y 2369753
X 1914503  Y 2376503
X 1914503  Y 2384503
X 1915503  Y 2394503
X 1912503  Y 2410503
X 1940503  Y 2410503
X 1931003  Y 2402753
X 1927253  Y 2402753
X 1940503  Y 2398503
X 1922503  Y 2394503
X 1940503  Y 2384503
X 1922503  Y 2384503
X 1935503  Y 2377503
X 1941503  Y 2377503
X 1922503  Y 2376503
X 1922503  Y 2366503
X 1943503  Y 2365503
X 1940423  Y 2358503
X 1931063  Y 2335433
X 1931514  Y 2332097
X 1925218  Y 2327375
X 1931303  Y 2314703
X 1919685  Y 2312598
X 1942103  Y 2311103
X 1932283  Y 2296062
X 1924409  Y 2292125
X 1919709  Y 2284877
X 1937795  Y 2275590
X 1937795  Y 2272440
X 1941745  Y 2269924
X 1923644  Y 2262054
X 1923644  Y 2259693
X 1942532  Y 2252610
X 1942532  Y 2249462
X 1919709  Y 2248675
X 1942532  Y 2245527
X 1920496  Y 2224278
X 1944106  Y 2217982
X 1943307  Y 2213385
X 1927579  Y 2196733
X 1937303  Y 2192303
X 1929153  Y 2190437
X 1936103  Y 2189303
X 1934203  Y 2186203
X 1935603  Y 2183403
X 1932803  Y 2180603
X 1936303  Y 2178503
X 1933503  Y 2175703
X 1922857  Y 2137708
X 1934662  Y 2137708
X 1926792  Y 2137708
X 1930727  Y 2137708
X 1920496  Y 2135347
X 1922070  Y 2132199
X 1926005  Y 2131412
X 1942519  Y 2122834
X 1939384  Y 2122755
X 1921259  Y 2115748
X 1924431  Y 2089701
X 1921283  Y 2089701
X 1928503  Y 2082503
X 1929133  Y 2077165
X 1936236  Y 2053499
X 1928366  Y 2048777
X 1920496  Y 2048777
X 1922070  Y 2039333
X 1930727  Y 2039333
X 1926792  Y 2039333
X 1959059  Y 2040907
X 1949615  Y 2067665
X 1949615  Y 2070813
X 1945669  Y 2073228
X 1962994  Y 2073961
X 1954330  Y 2074015
X 1962994  Y 2080257
X 1969291  Y 2080314
X 1950402  Y 2088914
X 1950402  Y 2092062
X 1959846  Y 2101506
X 1944893  Y 2110163
X 1944881  Y 2114173
X 1948041  Y 2122755
X 1951189  Y 2122755
X 1969253  Y 2132753
X 1944893  Y 2132986
X 1948041  Y 2132986
X 1958272  Y 2136134
X 1958272  Y 2138495
X 1964903  Y 2140103
X 1952763  Y 2143217
X 1944703  Y 2143503
X 1949606  Y 2145669
X 1951976  Y 2146365
X 1954253  Y 2154503
X 1957485  Y 2164466
X 1950402  Y 2176271
X 1957485  Y 2202242
X 1946467  Y 2202242
X 1955911  Y 2205390
X 1944893  Y 2210112
X 1953550  Y 2216408
X 1944503  Y 2224278
X 1944503  Y 2229503
X 1967903  Y 2231303
X 1963103  Y 2231903
X 1960103  Y 2233703
X 1948103  Y 2239103
X 1951703  Y 2239703
X 1957485  Y 2241592
X 1954337  Y 2243166
X 1960633  Y 2244740
X 1964303  Y 2246303
X 1955124  Y 2248675
X 1949615  Y 2249462
X 1961417  Y 2251968
X 1949615  Y 2252610
X 1958267  Y 2252755
X 1964566  Y 2252755
X 1969291  Y 2253543
X 1955118  Y 2253543
X 1947254  Y 2269924
X 1951968  Y 2274015
X 1962203  Y 2297503
X 1954703  Y 2301503
X 1965503  Y 2304503
X 1945703  Y 2311403
X 1951703  Y 2315303
X 1948703  Y 2316503
X 1955903  Y 2316503
X 1944992  Y 2323403
X 1956698  Y 2328949
X 1960629  Y 2329133
X 1951703  Y 2333903
X 1964568  Y 2336032
X 1951503  Y 2337503
X 1966703  Y 2339903
X 1969103  Y 2342903
X 1962503  Y 2343503
X 1951968  Y 2344094
X 1962207  Y 2347837
X 1960503  Y 2351503
X 1954503  Y 2351503
X 1964568  Y 2351772
X 1961503  Y 2367503
X 1957503  Y 2369503
X 1947503  Y 2377503
X 1959055  Y 2382677
X 1968503  Y 2398992
X 1968503  Y 2406862
X 1981095  Y 2373021
X 1986604  Y 2373021
X 1986604  Y 2368299
X 1976373  Y 2361216
X 1982503  Y 2357503
X 1992900  Y 2357281
X 1972503  Y 2351503
X 1984503  Y 2348503
X 1973503  Y 2346503
X 1984503  Y 2339503
X 1970303  Y 2339303
X 1984243  Y 2333671
X 1973225  Y 2331310
X 1985030  Y 2328162
X 1978734  Y 2326588
X 1975586  Y 2319505
X 1987391  Y 2317931
X 1991303  Y 2317103
X 1978703  Y 2314703
X 1974503  Y 2313503
X 1981095  Y 2312422
X 1979903  Y 2304503
X 1990503  Y 2304503
X 1991326  Y 2297469
X 1981882  Y 2295895
X 1974799  Y 2282516
X 1982669  Y 2280942
X 1972253  Y 2277503
X 1987503  Y 2277503
X 1977160  Y 2269137
X 1973228  Y 2253543
X 1993103  Y 2253503
X 1978734  Y 2253397
X 1981882  Y 2253397
X 1987391  Y 2251823
X 1990539  Y 2251036
X 1984243  Y 2251036
X 1970303  Y 2248703
X 1973303  Y 2248703
X 1983456  Y 2247888
X 1977947  Y 2247888
X 1990539  Y 2232148
X 1976303  Y 2231903
X 1981095  Y 2231903
X 1981095  Y 2229000
X 1972438  Y 2229000
X 1990703  Y 2229000
X 1990703  Y 2225303
X 1981103  Y 2222903
X 1989752  Y 2222704
X 1972438  Y 2222704
X 1975586  Y 2211686
X 1985817  Y 2210899
X 1973403  Y 2207203
X 1982669  Y 2206964
X 1978734  Y 2206177
X 1986604  Y 2206177
X 1989752  Y 2203029
X 1975703  Y 2191103
X 1978703  Y 2189903
X 1972703  Y 2189303
X 1980503  Y 2187503
X 1980503  Y 2183753
X 1982503  Y 2175503
X 1972438  Y 2169975
X 1988178  Y 2166040
X 1977503  Y 2164703
X 1992113  Y 2164466
X 1970077  Y 2162892
X 1977503  Y 2161103
X 1970077  Y 2158957
X 1977503  Y 2158103
X 1980503  Y 2155703
X 1970077  Y 2155022
X 1976903  Y 2154503
X 1976903  Y 2151503
X 1984703  Y 2147903
X 1979903  Y 2147903
X 1977503  Y 2144303
X 1988178  Y 2132986
X 1973903  Y 2131703
X 1972703  Y 2122703
X 1988965  Y 2120394
X 1971623  Y 2119823
X 1985030  Y 2115672
X 1972403  Y 2113583
X 1991338  Y 2111023
X 1987391  Y 2110163
X 1994488  Y 2097637
X 1978503  Y 2083503
X 1990343  Y 2065223
X 1978740  Y 2062992
X 1993687  Y 2038546
X 2006279  Y 2045629
X 2006279  Y 2051925
X 2011253  Y 2059253
X 2007066  Y 2062943
X 1996048  Y 2062943
X 1997622  Y 2070813
X 2013503  Y 2074253
X 2001557  Y 2077109
X 2009303  Y 2080103
X 1999196  Y 2092062
X 2006903  Y 2092703
X 2013503  Y 2098703
X 2010503  Y 2101253
X 2007503  Y 2102753
X 2016510  Y 2109376
X 2016510  Y 2113311
X 1996835  Y 2115672
X 2005103  Y 2126303
X 2008103  Y 2126303
X 2006903  Y 2131703
X 2017103  Y 2135303
X 2017103  Y 2138303
X 2006279  Y 2139282
X 2006303  Y 2142103
X 2004503  Y 2148726
X 2009427  Y 2148726
X 2004503  Y 2152503
X 2011503  Y 2161503
X 2004503  Y 2161503
X 2018084  Y 2173910
X 2001403  Y 2177103
X 2017297  Y 2178632
X 2017297  Y 2185715
X 2006279  Y 2191224
X 2003918  Y 2192011
X 2003131  Y 2199881
X 2007066  Y 2200668
X 1996835  Y 2201455
X 2010214  Y 2202242
X 2017297  Y 2203816
X 2013362  Y 2203816
X 2012575  Y 2224278
X 2011001  Y 2227426
X 2018871  Y 2228213
X 2010214  Y 2231361
X 2008640  Y 2236870
X 2012575  Y 2240018
X 2011023  Y 2251968
X 2007086  Y 2251968
X 2016503  Y 2270303
X 2014149  Y 2274503
X 1997603  Y 2274503
X 1996835  Y 2283303
X 2015723  Y 2284877
X 2015723  Y 2292747
X 1995261  Y 2294321
X 2011788  Y 2304552
X 2018871  Y 2304552
X 2000303  Y 2315903
X 2008103  Y 2317103
X 2015503  Y 2327503
X 1996048  Y 2336819
X 1998425  Y 2347050
X 2016503  Y 2354503
X 1996835  Y 2357281
X 1996048  Y 2367512
X 1995275  Y 2373228
X 2007874  Y 2373228
X 2016503  Y 2396503
X 2001557  Y 2406862
X 2027503  Y 2396503
X 2042003  Y 2385003
X 2029921  Y 2378740
X 2022503  Y 2378003
X 2029889  Y 2366725
X 2042481  Y 2366725
X 2026741  Y 2304552
X 2038503  Y 2304503
X 2044103  Y 2302703
X 2041103  Y 2301503
X 2032503  Y 2296503
X 2040120  Y 2293534
X 2037759  Y 2291173
X 2041103  Y 2287103
X 2038546  Y 2278581
X 2040503  Y 2276303
X 2022806  Y 2273859
X 2019803  Y 2270303
X 2036185  Y 2269137
X 2033303  Y 2267303
X 2036303  Y 2265503
X 2025954  Y 2251036
X 2024380  Y 2247888
X 2027528  Y 2245527
X 2027528  Y 2241592
X 2026741  Y 2238444
X 2029889  Y 2235296
X 2038546  Y 2235296
X 2033824  Y 2229787
X 2025203  Y 2229603
X 2026741  Y 2217982
X 2023593  Y 2217195
X 2022019  Y 2214047
X 2025954  Y 2211686
X 2025954  Y 2208538
X 2023593  Y 2206177
X 2021232  Y 2203816
X 2039333  Y 2203029
X 2021232  Y 2174697
X 2023703  Y 2137703
X 2023703  Y 2135303
X 2028503  Y 2131503
X 2030503  Y 2126503
X 2023703  Y 2123903
X 2024303  Y 2120303
X 2022503  Y 2117246
X 2022019  Y 2113311
X 2030503  Y 2112503
X 2022019  Y 2109376
X 2030503  Y 2102503
X 2023593  Y 2095997
X 2030503  Y 2092849
X 2023253  Y 2090003
X 2036185  Y 2079470
X 2042519  Y 2076377
X 2042519  Y 2073228
X 2025196  Y 2062204
X 2037795  Y 2062204
X 2029889  Y 2059008
X 2038503  Y 2054503
X 2037795  Y 2048818
X 2040944  Y 2048818
X 2038503  Y 2042503
X 2030676  Y 2042481
X 2093503  Y 2040503
X 2054503  Y 2048503
X 2047603  Y 2049703
X 2093503  Y 2060503
X 2093503  Y 2079503
X 2093503  Y 2100503
X 2093503  Y 2120503
X 2093503  Y 2140503
X 2093503  Y 2160503
X 2093503  Y 2180503
X 2055073  Y 2188863
X 2057434  Y 2193585
X 2093503  Y 2200503
X 2093503  Y 2220503
X 2093503  Y 2240503
X 2056103  Y 2259503
X 2093503  Y 2261503
X 2051303  Y 2275703
X 2051303  Y 2279303
X 2093503  Y 2279503
X 2089701  Y 2298256
X 2085766  Y 2298256
X 2047703  Y 2302703
X 2093503  Y 2308503
X 2067503  Y 2309503
X 2093503  Y 2336503
X 2093503  Y 2360503
X 2093503  Y 2380503
X 2049003  Y 2384303
X 2064503  Y 2396503
X 2057503  Y 2396503
X 2093503  Y 2399503
Drill: .02559  Tool: 2  Feed: 197  Speed: 550
X 1992263  Y 2057382
X 1974743  Y 2057382
Drill: .032  Tool: 3  Feed: 197  Speed: 550
X 1949448  Y 2287401
X 1968661  Y 2287401
X 1917803  Y 2338757
X 1917803  Y 2357970
Drill: .03268  Tool: 4  Feed: 197  Speed: 550
X 1967066  Y 2044075
X 1967066  Y 2045473
X 1967066  Y 2046989
X 1999940  Y 2046989
X 1999940  Y 2045473
X 1999940  Y 2044075
Drill: .03543  Tool: 5  Feed: 197  Speed: 550
X 1992263  Y 2042520
X 1974743  Y 2042520
X 1974743  Y 2043603
X 1992263  Y 2043603
X 1974743  Y 2044686
X 1992263  Y 2044686
Drill: .03937  Tool: 6  Feed: 197  Speed: 550
X 1961255  Y 2401775
X 1978555  Y 2401775
Drill: .04  Tool: 7  Feed: 139  Speed: 550
X 1863503  Y 2045354
X 1863503  Y 2055354
X 1863503  Y 2065354
X 1863503  Y 2075354
X 1863503  Y 2085354
X 1863503  Y 2095354
X 1863503  Y 2105354
X 1863503  Y 2115354
X 1863503  Y 2125354
X 1863503  Y 2135354
X 1863503  Y 2145354
X 1863503  Y 2155354
X 1863503  Y 2165354
X 1863503  Y 2175354
X 1863503  Y 2185354
X 1863503  Y 2195354
X 1863503  Y 2205354
X 1863503  Y 2215354
X 1863503  Y 2225354
X 1863503  Y 2235354
X 1863503  Y 2245354
X 1863503  Y 2255354
X 1863503  Y 2265354
X 1863503  Y 2275354
X 1863503  Y 2285354
X 1863503  Y 2324015
X 1863503  Y 2334015
X 1863503  Y 2344015
X 1863503  Y 2354015
X 1863503  Y 2364015
X 1863503  Y 2374015
X 1863503  Y 2395354
X 1863503  Y 2405354
X 1873503  Y 2285354
X 1873503  Y 2275354
X 1873503  Y 2265354
X 1873503  Y 2255354
X 1873503  Y 2245354
X 1873503  Y 2235354
X 1873503  Y 2225354
X 1873503  Y 2215354
X 1873503  Y 2205354
X 1873503  Y 2195354
X 1873503  Y 2185354
X 1873503  Y 2175354
X 1873503  Y 2165354
X 1873503  Y 2155354
X 1873503  Y 2145354
X 1873503  Y 2135354
X 1873503  Y 2125354
X 1873503  Y 2115354
X 1873503  Y 2105354
X 1873503  Y 2095354
X 1873503  Y 2085354
X 1873503  Y 2075354
X 1873503  Y 2065354
X 1873503  Y 2055354
X 1873503  Y 2045354
X 1907904  Y 2246036
X 1907904  Y 2256036
X 2024799  Y 2322051
X 2024799  Y 2332051
X 2024799  Y 2342051
X 2024799  Y 2352051
X 2063503  Y 2285354
X 2063503  Y 2275354
X 2063503  Y 2265354
X 2063503  Y 2255354
X 2063503  Y 2245354
X 2063503  Y 2235354
X 2063503  Y 2225354
X 2063503  Y 2215354
X 2063503  Y 2205354
X 2063503  Y 2195354
X 2063503  Y 2185354
X 2063503  Y 2175354
X 2063503  Y 2165354
X 2063503  Y 2155354
X 2063503  Y 2145354
X 2063503  Y 2135354
X 2063503  Y 2125354
X 2063503  Y 2115354
X 2063503  Y 2105354
X 2063503  Y 2095354
X 2063503  Y 2085354
X 2063503  Y 2075354
X 2063503  Y 2065354
X 2063503  Y 2055354
X 2063503  Y 2045354
X 2073503  Y 2045354
X 2073503  Y 2055354
X 2073503  Y 2065354
X 2073503  Y 2075354
X 2073503  Y 2085354
X 2073503  Y 2095354
X 2073503  Y 2105354
X 2073503  Y 2115354
X 2073503  Y 2125354
X 2073503  Y 2135354
X 2073503  Y 2145354
X 2073503  Y 2155354
X 2073503  Y 2165354
X 2073503  Y 2175354
X 2073503  Y 2185354
X 2073503  Y 2195354
X 2073503  Y 2205354
X 2073503  Y 2215354
X 2073503  Y 2225354
X 2073503  Y 2235354
X 2073503  Y 2245354
X 2073503  Y 2255354
X 2073503  Y 2265354
X 2073503  Y 2275354
X 2073503  Y 2285354
X 2073503  Y 2395354
X 2073503  Y 2405354
Drill: .04724  Tool: 8  Feed: 139  Speed: 550
X 1912440  Y 2043149
X 1911440  Y 2043149
X 1913440  Y 2043149
X 1903566  Y 2052204
X 1905566  Y 2052204
X 1903640  Y 2073857
X 1904566  Y 2073857
X 1905566  Y 2073857
Drill: .05512  Tool: 9  Feed: 107  Speed: 550
X 1904566  Y 2052204
End of Listing
